18:46:17.570 [RMI TCP Connection(3)-127.0.0.1] DEBUG u.n.v.S.l.ServiceContextInitializer - Initializing beans
18:46:18.330 [RMI TCP Connection(3)-127.0.0.1] DEBUG u.n.v.S.l.ServiceContextInitializer - Beans have been put to servlet context
18:46:18.948 [http-bio-8080-exec-1] WARN  com.zaxxer.hikari.HikariDataSource - validationTimeout is greater than connectionTimeout, setting validationTimeout to connectionTimeout.
18:46:18.951 [http-bio-8080-exec-1] DEBUG com.zaxxer.hikari.HikariConfig - HikariCP pool HikariPool-0 configuration:
18:46:18.968 [http-bio-8080-exec-1] DEBUG com.zaxxer.hikari.HikariConfig - allowPoolSuspension.............false
18:46:18.968 [http-bio-8080-exec-1] DEBUG com.zaxxer.hikari.HikariConfig - autoCommit......................false
18:46:18.968 [http-bio-8080-exec-1] DEBUG com.zaxxer.hikari.HikariConfig - catalog.........................
18:46:18.968 [http-bio-8080-exec-1] DEBUG com.zaxxer.hikari.HikariConfig - connectionCustomizer............com.zaxxer.hikari.AbstractHikariConfig$1@3aafc4a0
18:46:18.968 [http-bio-8080-exec-1] DEBUG com.zaxxer.hikari.HikariConfig - connectionCustomizerClassName...
18:46:18.968 [http-bio-8080-exec-1] DEBUG com.zaxxer.hikari.HikariConfig - connectionInitSql...............
18:46:18.968 [http-bio-8080-exec-1] DEBUG com.zaxxer.hikari.HikariConfig - connectionTestQuery.............SELECT 1
18:46:18.969 [http-bio-8080-exec-1] DEBUG com.zaxxer.hikari.HikariConfig - connectionTimeout...............1000
18:46:18.969 [http-bio-8080-exec-1] DEBUG com.zaxxer.hikari.HikariConfig - dataSource......................
18:46:18.969 [http-bio-8080-exec-1] DEBUG com.zaxxer.hikari.HikariConfig - dataSourceClassName.............
18:46:18.969 [http-bio-8080-exec-1] DEBUG com.zaxxer.hikari.HikariConfig - dataSourceJNDI..................
18:46:18.969 [http-bio-8080-exec-1] DEBUG com.zaxxer.hikari.HikariConfig - dataSourceProperties............{password=<masked>}
18:46:18.969 [http-bio-8080-exec-1] DEBUG com.zaxxer.hikari.HikariConfig - driverClassName.................com.mysql.jdbc.Driver
18:46:18.969 [http-bio-8080-exec-1] DEBUG com.zaxxer.hikari.HikariConfig - healthCheckProperties...........{}
18:46:18.969 [http-bio-8080-exec-1] DEBUG com.zaxxer.hikari.HikariConfig - healthCheckRegistry.............
18:46:18.969 [http-bio-8080-exec-1] DEBUG com.zaxxer.hikari.HikariConfig - idleTimeout.....................600000
18:46:18.969 [http-bio-8080-exec-1] DEBUG com.zaxxer.hikari.HikariConfig - initializationFailFast..........true
18:46:18.970 [http-bio-8080-exec-1] DEBUG com.zaxxer.hikari.HikariConfig - isolateInternalQueries..........false
18:46:18.970 [http-bio-8080-exec-1] DEBUG com.zaxxer.hikari.HikariConfig - jdbc4ConnectionTest.............false
18:46:18.970 [http-bio-8080-exec-1] DEBUG com.zaxxer.hikari.HikariConfig - jdbcUrl.........................jdbc:mysql://127.0.0.1:3306/carRentDB?characterEncoding=UTF-8
18:46:18.970 [http-bio-8080-exec-1] DEBUG com.zaxxer.hikari.HikariConfig - leakDetectionThreshold..........15000
18:46:18.971 [http-bio-8080-exec-1] DEBUG com.zaxxer.hikari.HikariConfig - maxLifetime.....................1800000
18:46:18.971 [http-bio-8080-exec-1] DEBUG com.zaxxer.hikari.HikariConfig - maximumPoolSize.................100
18:46:18.971 [http-bio-8080-exec-1] DEBUG com.zaxxer.hikari.HikariConfig - metricRegistry..................
18:46:18.971 [http-bio-8080-exec-1] DEBUG com.zaxxer.hikari.HikariConfig - minimumIdle.....................5
18:46:18.971 [http-bio-8080-exec-1] DEBUG com.zaxxer.hikari.HikariConfig - password........................<masked>
18:46:18.971 [http-bio-8080-exec-1] DEBUG com.zaxxer.hikari.HikariConfig - poolName........................HikariPool-0
18:46:18.971 [http-bio-8080-exec-1] DEBUG com.zaxxer.hikari.HikariConfig - readOnly........................false
18:46:18.971 [http-bio-8080-exec-1] DEBUG com.zaxxer.hikari.HikariConfig - registerMbeans..................false
18:46:18.971 [http-bio-8080-exec-1] DEBUG com.zaxxer.hikari.HikariConfig - threadFactory...................
18:46:18.971 [http-bio-8080-exec-1] DEBUG com.zaxxer.hikari.HikariConfig - transactionIsolation............
18:46:18.971 [http-bio-8080-exec-1] DEBUG com.zaxxer.hikari.HikariConfig - username........................root
18:46:18.971 [http-bio-8080-exec-1] DEBUG com.zaxxer.hikari.HikariConfig - validationTimeout...............1000
18:46:18.972 [http-bio-8080-exec-1] INFO  com.zaxxer.hikari.HikariDataSource - HikariCP pool HikariPool-0 is starting.
18:46:19.452 [HikariCP connection filler (pool HikariPool-0)] DEBUG com.zaxxer.hikari.pool.HikariPool - After fill pool stats HikariPool-0 (total=5, inUse=1, avail=4, waiting=0)
18:46:19.461 [http-bio-8080-exec-1] DEBUG u.n.v.S.s.a.RegistrationServlet - All car information has been got
18:46:21.181 [http-bio-8080-exec-2] DEBUG u.n.v.S.s.a.RegistrationServlet - All car information has been got
18:46:21.607 [http-bio-8080-exec-5] DEBUG u.n.v.S.s.a.RegistrationServlet - All car information has been got
18:46:27.931 [http-bio-8080-exec-6] DEBUG u.n.v.S.s.a.LoginServlet - User User{id='18'fullName='Manager', isBlocked=false, isRegistered=true, registrationToken='7fe0a75c-c926-4fab-93b7-76b24780a2ca', passportNumber='MT 145678', roleId=4, photoPath='69bf8c55-2a9c-4c58-bc5f-231083683c3d.jpg', password='25d55ad283aa400af464c76d713c07ad', login='mailmail@mail.ru'} was authenticated
18:46:27.942 [http-bio-8080-exec-6] DEBUG u.n.v.S.s.a.RegistrationServlet - All car information has been got
18:46:49.024 [Hikari Housekeeping Timer (pool HikariPool-0)] DEBUG com.zaxxer.hikari.pool.HikariPool - Before cleanup pool stats HikariPool-0 (total=5, inUse=0, avail=5, waiting=0)
18:46:49.050 [Hikari Housekeeping Timer (pool HikariPool-0)] DEBUG com.zaxxer.hikari.pool.HikariPool - After cleanup pool stats HikariPool-0 (total=5, inUse=0, avail=5, waiting=0)
18:47:19.024 [Hikari Housekeeping Timer (pool HikariPool-0)] DEBUG com.zaxxer.hikari.pool.HikariPool - Before cleanup pool stats HikariPool-0 (total=5, inUse=0, avail=5, waiting=0)
18:47:19.025 [Hikari Housekeeping Timer (pool HikariPool-0)] DEBUG com.zaxxer.hikari.pool.HikariPool - After cleanup pool stats HikariPool-0 (total=5, inUse=0, avail=5, waiting=0)
18:47:49.025 [Hikari Housekeeping Timer (pool HikariPool-0)] DEBUG com.zaxxer.hikari.pool.HikariPool - Before cleanup pool stats HikariPool-0 (total=5, inUse=0, avail=5, waiting=0)
18:47:49.026 [Hikari Housekeeping Timer (pool HikariPool-0)] DEBUG com.zaxxer.hikari.pool.HikariPool - After cleanup pool stats HikariPool-0 (total=5, inUse=0, avail=5, waiting=0)
18:48:19.023 [Hikari Housekeeping Timer (pool HikariPool-0)] DEBUG com.zaxxer.hikari.pool.HikariPool - Before cleanup pool stats HikariPool-0 (total=5, inUse=0, avail=5, waiting=0)
18:48:19.024 [Hikari Housekeeping Timer (pool HikariPool-0)] DEBUG com.zaxxer.hikari.pool.HikariPool - After cleanup pool stats HikariPool-0 (total=5, inUse=0, avail=5, waiting=0)
18:48:49.024 [Hikari Housekeeping Timer (pool HikariPool-0)] DEBUG com.zaxxer.hikari.pool.HikariPool - Before cleanup pool stats HikariPool-0 (total=5, inUse=0, avail=5, waiting=0)
18:48:49.024 [Hikari Housekeeping Timer (pool HikariPool-0)] DEBUG com.zaxxer.hikari.pool.HikariPool - After cleanup pool stats HikariPool-0 (total=5, inUse=0, avail=5, waiting=0)
18:49:19.024 [Hikari Housekeeping Timer (pool HikariPool-0)] DEBUG com.zaxxer.hikari.pool.HikariPool - Before cleanup pool stats HikariPool-0 (total=5, inUse=0, avail=5, waiting=0)
18:49:19.025 [Hikari Housekeeping Timer (pool HikariPool-0)] DEBUG com.zaxxer.hikari.pool.HikariPool - After cleanup pool stats HikariPool-0 (total=5, inUse=0, avail=5, waiting=0)
18:49:49.028 [Hikari Housekeeping Timer (pool HikariPool-0)] DEBUG com.zaxxer.hikari.pool.HikariPool - Before cleanup pool stats HikariPool-0 (total=5, inUse=0, avail=5, waiting=0)
18:49:49.030 [Hikari Housekeeping Timer (pool HikariPool-0)] DEBUG com.zaxxer.hikari.pool.HikariPool - After cleanup pool stats HikariPool-0 (total=5, inUse=0, avail=5, waiting=0)
18:50:19.024 [Hikari Housekeeping Timer (pool HikariPool-0)] DEBUG com.zaxxer.hikari.pool.HikariPool - Before cleanup pool stats HikariPool-0 (total=5, inUse=0, avail=5, waiting=0)
18:50:19.025 [Hikari Housekeeping Timer (pool HikariPool-0)] DEBUG com.zaxxer.hikari.pool.HikariPool - After cleanup pool stats HikariPool-0 (total=5, inUse=0, avail=5, waiting=0)
18:50:49.024 [Hikari Housekeeping Timer (pool HikariPool-0)] DEBUG com.zaxxer.hikari.pool.HikariPool - Before cleanup pool stats HikariPool-0 (total=5, inUse=0, avail=5, waiting=0)
18:50:49.024 [Hikari Housekeeping Timer (pool HikariPool-0)] DEBUG com.zaxxer.hikari.pool.HikariPool - After cleanup pool stats HikariPool-0 (total=5, inUse=0, avail=5, waiting=0)
18:51:19.025 [Hikari Housekeeping Timer (pool HikariPool-0)] DEBUG com.zaxxer.hikari.pool.HikariPool - Before cleanup pool stats HikariPool-0 (total=5, inUse=0, avail=5, waiting=0)
18:51:19.025 [Hikari Housekeeping Timer (pool HikariPool-0)] DEBUG com.zaxxer.hikari.pool.HikariPool - After cleanup pool stats HikariPool-0 (total=5, inUse=0, avail=5, waiting=0)
18:51:49.025 [Hikari Housekeeping Timer (pool HikariPool-0)] DEBUG com.zaxxer.hikari.pool.HikariPool - Before cleanup pool stats HikariPool-0 (total=5, inUse=0, avail=5, waiting=0)
18:51:49.025 [Hikari Housekeeping Timer (pool HikariPool-0)] DEBUG com.zaxxer.hikari.pool.HikariPool - After cleanup pool stats HikariPool-0 (total=5, inUse=0, avail=5, waiting=0)
18:51:52.626 [http-bio-8080-exec-3] DEBUG u.n.v.S.s.a.RegistrationServlet - All car information has been got
18:52:13.351 [http-bio-8080-exec-9] ERROR u.n.v.S.servlets.user.RentCarServlet - Can't parse date
18:52:13.356 [http-bio-8080-exec-9] DEBUG u.n.v.S.s.a.RegistrationServlet - All car information has been got
18:52:19.024 [Hikari Housekeeping Timer (pool HikariPool-0)] DEBUG com.zaxxer.hikari.pool.HikariPool - Before cleanup pool stats HikariPool-0 (total=5, inUse=0, avail=5, waiting=0)
18:52:19.025 [Hikari Housekeeping Timer (pool HikariPool-0)] DEBUG com.zaxxer.hikari.pool.HikariPool - After cleanup pool stats HikariPool-0 (total=5, inUse=0, avail=5, waiting=0)
18:52:49.023 [Hikari Housekeeping Timer (pool HikariPool-0)] DEBUG com.zaxxer.hikari.pool.HikariPool - Before cleanup pool stats HikariPool-0 (total=5, inUse=0, avail=5, waiting=0)
18:52:49.023 [Hikari Housekeeping Timer (pool HikariPool-0)] DEBUG com.zaxxer.hikari.pool.HikariPool - After cleanup pool stats HikariPool-0 (total=5, inUse=0, avail=5, waiting=0)
18:53:19.024 [Hikari Housekeeping Timer (pool HikariPool-0)] DEBUG com.zaxxer.hikari.pool.HikariPool - Before cleanup pool stats HikariPool-0 (total=5, inUse=0, avail=5, waiting=0)
18:53:19.024 [Hikari Housekeeping Timer (pool HikariPool-0)] DEBUG com.zaxxer.hikari.pool.HikariPool - After cleanup pool stats HikariPool-0 (total=5, inUse=0, avail=5, waiting=0)
18:53:45.864 [http-bio-8080-exec-10] DEBUG u.n.v.S.s.a.RegistrationServlet - All car information has been got
18:53:49.023 [Hikari Housekeeping Timer (pool HikariPool-0)] DEBUG com.zaxxer.hikari.pool.HikariPool - Before cleanup pool stats HikariPool-0 (total=5, inUse=0, avail=5, waiting=0)
18:53:49.023 [Hikari Housekeeping Timer (pool HikariPool-0)] DEBUG com.zaxxer.hikari.pool.HikariPool - After cleanup pool stats HikariPool-0 (total=5, inUse=0, avail=5, waiting=0)
18:54:19.025 [Hikari Housekeeping Timer (pool HikariPool-0)] DEBUG com.zaxxer.hikari.pool.HikariPool - Before cleanup pool stats HikariPool-0 (total=5, inUse=0, avail=5, waiting=0)
18:54:19.026 [Hikari Housekeeping Timer (pool HikariPool-0)] DEBUG com.zaxxer.hikari.pool.HikariPool - After cleanup pool stats HikariPool-0 (total=5, inUse=0, avail=5, waiting=0)
18:54:49.023 [Hikari Housekeeping Timer (pool HikariPool-0)] DEBUG com.zaxxer.hikari.pool.HikariPool - Before cleanup pool stats HikariPool-0 (total=5, inUse=0, avail=5, waiting=0)
18:54:49.025 [Hikari Housekeeping Timer (pool HikariPool-0)] DEBUG com.zaxxer.hikari.pool.HikariPool - After cleanup pool stats HikariPool-0 (total=5, inUse=0, avail=5, waiting=0)
18:55:19.025 [Hikari Housekeeping Timer (pool HikariPool-0)] DEBUG com.zaxxer.hikari.pool.HikariPool - Before cleanup pool stats HikariPool-0 (total=5, inUse=0, avail=5, waiting=0)
18:55:19.026 [Hikari Housekeeping Timer (pool HikariPool-0)] DEBUG com.zaxxer.hikari.pool.HikariPool - After cleanup pool stats HikariPool-0 (total=5, inUse=0, avail=5, waiting=0)
18:55:49.023 [Hikari Housekeeping Timer (pool HikariPool-0)] DEBUG com.zaxxer.hikari.pool.HikariPool - Before cleanup pool stats HikariPool-0 (total=5, inUse=0, avail=5, waiting=0)
18:55:49.023 [Hikari Housekeeping Timer (pool HikariPool-0)] DEBUG com.zaxxer.hikari.pool.HikariPool - After cleanup pool stats HikariPool-0 (total=5, inUse=0, avail=5, waiting=0)
18:56:19.025 [Hikari Housekeeping Timer (pool HikariPool-0)] DEBUG com.zaxxer.hikari.pool.HikariPool - Before cleanup pool stats HikariPool-0 (total=5, inUse=0, avail=5, waiting=0)
18:56:19.025 [Hikari Housekeeping Timer (pool HikariPool-0)] DEBUG com.zaxxer.hikari.pool.HikariPool - After cleanup pool stats HikariPool-0 (total=5, inUse=0, avail=5, waiting=0)
18:56:45.416 [http-bio-8080-exec-9] DEBUG u.n.v.S.s.a.RegistrationServlet - All car information has been got
18:56:49.023 [Hikari Housekeeping Timer (pool HikariPool-0)] DEBUG com.zaxxer.hikari.pool.HikariPool - Before cleanup pool stats HikariPool-0 (total=5, inUse=0, avail=5, waiting=0)
18:56:49.025 [Hikari Housekeeping Timer (pool HikariPool-0)] DEBUG com.zaxxer.hikari.pool.HikariPool - After cleanup pool stats HikariPool-0 (total=1, inUse=0, avail=1, waiting=0)
18:56:49.025 [HikariCP connection closer (pool HikariPool-0)] DEBUG com.zaxxer.hikari.pool.PoolUtilities - Closing connection com.mysql.jdbc.JDBC4Connection@3eb05d75 in pool HikariPool-0 (connection passed idleTimeout)
18:56:49.033 [HikariCP connection closer (pool HikariPool-0)] DEBUG com.zaxxer.hikari.pool.PoolUtilities - Closing connection com.mysql.jdbc.JDBC4Connection@341f1adc in pool HikariPool-0 (connection passed idleTimeout)
18:56:49.034 [HikariCP connection closer (pool HikariPool-0)] DEBUG com.zaxxer.hikari.pool.PoolUtilities - Closing connection com.mysql.jdbc.JDBC4Connection@7ff59fe6 in pool HikariPool-0 (connection passed idleTimeout)
18:56:49.035 [HikariCP connection closer (pool HikariPool-0)] DEBUG com.zaxxer.hikari.pool.PoolUtilities - Closing connection com.mysql.jdbc.JDBC4Connection@2ef8b862 in pool HikariPool-0 (connection passed idleTimeout)
18:56:49.060 [HikariCP connection filler (pool HikariPool-0)] DEBUG com.zaxxer.hikari.pool.HikariPool - After fill pool stats HikariPool-0 (total=5, inUse=0, avail=5, waiting=0)
18:56:49.836 [http-bio-8080-exec-2] ERROR u.n.v.S.servlets.user.RentCarServlet - Can't parse date
18:56:49.839 [http-bio-8080-exec-2] DEBUG u.n.v.S.s.a.RegistrationServlet - All car information has been got
18:56:55.052 [http-bio-8080-exec-2] ERROR u.n.v.S.servlets.user.RentCarServlet - Can't parse date
18:56:55.056 [http-bio-8080-exec-2] DEBUG u.n.v.S.s.a.RegistrationServlet - All car information has been got
18:57:19.025 [Hikari Housekeeping Timer (pool HikariPool-0)] DEBUG com.zaxxer.hikari.pool.HikariPool - Before cleanup pool stats HikariPool-0 (total=5, inUse=0, avail=5, waiting=0)
18:57:19.025 [Hikari Housekeeping Timer (pool HikariPool-0)] DEBUG com.zaxxer.hikari.pool.HikariPool - After cleanup pool stats HikariPool-0 (total=5, inUse=0, avail=5, waiting=0)
18:57:49.023 [Hikari Housekeeping Timer (pool HikariPool-0)] DEBUG com.zaxxer.hikari.pool.HikariPool - Before cleanup pool stats HikariPool-0 (total=5, inUse=0, avail=5, waiting=0)
18:57:49.023 [Hikari Housekeeping Timer (pool HikariPool-0)] DEBUG com.zaxxer.hikari.pool.HikariPool - After cleanup pool stats HikariPool-0 (total=5, inUse=0, avail=5, waiting=0)
18:57:54.794 [http-bio-8080-exec-8] DEBUG u.n.v.S.s.a.RegistrationServlet - All car information has been got
18:58:19.023 [Hikari Housekeeping Timer (pool HikariPool-0)] DEBUG com.zaxxer.hikari.pool.HikariPool - Before cleanup pool stats HikariPool-0 (total=5, inUse=0, avail=5, waiting=0)
18:58:19.023 [Hikari Housekeeping Timer (pool HikariPool-0)] DEBUG com.zaxxer.hikari.pool.HikariPool - After cleanup pool stats HikariPool-0 (total=5, inUse=0, avail=5, waiting=0)
18:58:49.025 [Hikari Housekeeping Timer (pool HikariPool-0)] DEBUG com.zaxxer.hikari.pool.HikariPool - Before cleanup pool stats HikariPool-0 (total=5, inUse=0, avail=5, waiting=0)
18:58:49.025 [Hikari Housekeeping Timer (pool HikariPool-0)] DEBUG com.zaxxer.hikari.pool.HikariPool - After cleanup pool stats HikariPool-0 (total=5, inUse=0, avail=5, waiting=0)
18:59:19.025 [Hikari Housekeeping Timer (pool HikariPool-0)] DEBUG com.zaxxer.hikari.pool.HikariPool - Before cleanup pool stats HikariPool-0 (total=5, inUse=0, avail=5, waiting=0)
18:59:19.025 [Hikari Housekeeping Timer (pool HikariPool-0)] DEBUG com.zaxxer.hikari.pool.HikariPool - After cleanup pool stats HikariPool-0 (total=5, inUse=0, avail=5, waiting=0)
18:59:49.024 [Hikari Housekeeping Timer (pool HikariPool-0)] DEBUG com.zaxxer.hikari.pool.HikariPool - Before cleanup pool stats HikariPool-0 (total=5, inUse=0, avail=5, waiting=0)
18:59:49.024 [Hikari Housekeeping Timer (pool HikariPool-0)] DEBUG com.zaxxer.hikari.pool.HikariPool - After cleanup pool stats HikariPool-0 (total=5, inUse=0, avail=5, waiting=0)
18:59:59.154 [http-bio-8080-exec-1] DEBUG u.n.v.S.s.a.RegistrationServlet - All car information has been got
19:00:16.306 [http-bio-8080-exec-8] DEBUG u.n.v.S.s.a.RegistrationServlet - All car information has been got
19:00:19.023 [Hikari Housekeeping Timer (pool HikariPool-0)] DEBUG com.zaxxer.hikari.pool.HikariPool - Before cleanup pool stats HikariPool-0 (total=5, inUse=0, avail=5, waiting=0)
19:00:19.023 [Hikari Housekeeping Timer (pool HikariPool-0)] DEBUG com.zaxxer.hikari.pool.HikariPool - After cleanup pool stats HikariPool-0 (total=5, inUse=0, avail=5, waiting=0)
19:00:49.023 [Hikari Housekeeping Timer (pool HikariPool-0)] DEBUG com.zaxxer.hikari.pool.HikariPool - Before cleanup pool stats HikariPool-0 (total=5, inUse=0, avail=5, waiting=0)
19:00:49.023 [Hikari Housekeeping Timer (pool HikariPool-0)] DEBUG com.zaxxer.hikari.pool.HikariPool - After cleanup pool stats HikariPool-0 (total=5, inUse=0, avail=5, waiting=0)
19:01:19.025 [Hikari Housekeeping Timer (pool HikariPool-0)] DEBUG com.zaxxer.hikari.pool.HikariPool - Before cleanup pool stats HikariPool-0 (total=5, inUse=0, avail=5, waiting=0)
19:01:19.025 [Hikari Housekeeping Timer (pool HikariPool-0)] DEBUG com.zaxxer.hikari.pool.HikariPool - After cleanup pool stats HikariPool-0 (total=5, inUse=0, avail=5, waiting=0)
19:01:23.795 [http-bio-8080-exec-2] DEBUG u.n.v.S.s.a.RegistrationServlet - All car information has been got
19:01:28.781 [http-bio-8080-exec-5] DEBUG u.n.v.S.servlets.user.RentCarServlet - All cars information has been got
19:01:49.024 [Hikari Housekeeping Timer (pool HikariPool-0)] DEBUG com.zaxxer.hikari.pool.HikariPool - Before cleanup pool stats HikariPool-0 (total=5, inUse=0, avail=5, waiting=0)
19:01:49.024 [Hikari Housekeeping Timer (pool HikariPool-0)] DEBUG com.zaxxer.hikari.pool.HikariPool - After cleanup pool stats HikariPool-0 (total=5, inUse=0, avail=5, waiting=0)
19:02:19.023 [Hikari Housekeeping Timer (pool HikariPool-0)] DEBUG com.zaxxer.hikari.pool.HikariPool - Before cleanup pool stats HikariPool-0 (total=5, inUse=0, avail=5, waiting=0)
19:02:19.024 [Hikari Housekeeping Timer (pool HikariPool-0)] DEBUG com.zaxxer.hikari.pool.HikariPool - After cleanup pool stats HikariPool-0 (total=5, inUse=0, avail=5, waiting=0)
